This is e-pTeX, Version 3.1415926-p3.4-110825-2.6 (utf8.sjis) (TeX Live 2013/W32TeX) (format=platex 2013.12.6)  13 JUL 2015 02:19
entering extended mode
 restricted \write18 enabled.
 %&-line parsing enabled.
**SSR2
(./SSR2.tex
pLaTeX2e <2006/11/10> (based on LaTeX2e <2011/06/27> patch level 0)
Babel <3.9f> and hyphenation patterns for 78 languages loaded.
(c:/texlive/2013/texmf-dist/tex/platex/jsclasses/jsbook.cls
Document Class: jsbook 2013/05/14 okumura
(c:/texlive/2013/texmf-dist/tex/latex/base/fleqn.clo
File: fleqn.clo 1998/08/17 v1.1c Standard LaTeX option (flush left equations)
\mathindent=\dimen118
)
LaTeX Info: Redefining \rmfamily on input line 339.
LaTeX Info: Redefining \sffamily on input line 342.
LaTeX Info: Redefining \ttfamily on input line 345.
\symmincho=\mathgroup4
LaTeX Font Info:    Overwriting symbol font `mincho' in version `bold'
(Font)                  JY1/mc/m/n --> JY1/gt/m/n on input line 410.
LaTeX Font Info:    Font shape `JT1/mc/m/n' will be
(Font)              scaled to size 9.60999pt on input line 600.
LaTeX Font Info:    Font shape `JY1/mc/m/n' will be
(Font)              scaled to size 9.60999pt on input line 600.
\fullwidth=\dimen119
LaTeX Font Info:    Font shape `JT1/mc/m/n' will be
(Font)              scaled to size 7.68799pt on input line 755.
LaTeX Font Info:    Font shape `JY1/mc/m/n' will be
(Font)              scaled to size 7.68799pt on input line 755.
\c@part=\count81
\c@chapter=\count82
\c@section=\count83
\c@subsection=\count84
\c@subsubsection=\count85
\c@paragraph=\count86
\c@subparagraph=\count87
\c@figure=\count88
\c@table=\count89
\abovecaptionskip=\skip41
\belowcaptionskip=\skip42
\@lnumwidth=\dimen120
\bibindent=\dimen121
LaTeX Info: Redefining \TeX on input line 1777.
LaTeX Info: Redefining \LaTeX on input line 1803.
LaTeX Info: Redefining \LaTeXe on input line 1828.
\heisei=\count90
)
(c:/texlive/2013/texmf-dist/tex/latex/graphics/graphicx.sty
Package: graphicx 1999/02/16 v1.0f Enhanced LaTeX Graphics (DPC,SPQR)

(c:/texlive/2013/texmf-dist/tex/latex/graphics/keyval.sty
Package: keyval 1999/03/16 v1.13 key=value parser (DPC)
\KV@toks@=\toks15
)
(c:/texlive/2013/texmf-dist/tex/latex/graphics/graphics.sty
Package: graphics 2009/02/05 v1.0o Standard LaTeX Graphics (DPC,SPQR)

(c:/texlive/2013/texmf-dist/tex/latex/graphics/trig.sty
Package: trig 1999/03/16 v1.09 sin cos tan (DPC)
)
(c:/texlive/2013/texmf-dist/tex/latex/latexconfig/graphics.cfg
File: graphics.cfg 2010/04/23 v1.9 graphics configuration of TeX Live
)
Package graphics Info: Driver file: dvips.def on input line 91.

(c:/texlive/2013/texmf-dist/tex/latex/graphics/dvips.def
File: dvips.def 1999/02/16 v3.0i Driver-dependant file (DPC,SPQR)
))
\Gin@req@height=\dimen122
\Gin@req@width=\dimen123
)
(c:/texlive/2013/texmf-dist/tex/latex/psnfss/pifont.sty
Package: pifont 2005/04/12 PSNFSS-v9.2a Pi font support (SPQR) 

(I search kanjifont definition file: . . ) (I search font definition file: . .
. . . . . )
LaTeX Font Info:    Try loading font information for U+pzd on input line 63.
 (c:/texlive/2013/texmf-dist/tex/latex/psnfss/upzd.fd
File: upzd.fd 2001/06/04 font definitions for U/pzd.
)
(I search kanjifont definition file: . . ) (I search font definition file: . .
. . . . . )
LaTeX Font Info:    Try loading font information for U+psy on input line 64.
 (c:/texlive/2013/texmf-dist/tex/latex/psnfss/upsy.fd
File: upsy.fd 2001/06/04 font definitions for U/psy.
))
(c:/texlive/2013/texmf-dist/tex/platex/jsclasses/okumacro.sty
Package: okumacro 2010/03/14 okumura
\@scw=\dimen124
\scb@x=\box41
\EXAMPLEWIDTH=\dimen125
\shaderule=\dimen126
)
(c:/texlive/2013/texmf-dist/tex/latex/tools/multicol.sty
Package: multicol 2011/06/27 v1.7a multicolumn formatting (FMi)
\c@tracingmulticols=\count91
\mult@box=\box42
\multicol@leftmargin=\dimen127
\c@unbalance=\count92
\c@collectmore=\count93
\doublecol@number=\count94
\multicoltolerance=\count95
\multicolpretolerance=\count96
\full@width=\dimen128
\page@free=\dimen129
\premulticols=\dimen130
\postmulticols=\dimen131
\multicolsep=\skip43
\multicolbaselineskip=\skip44
\partial@page=\box43
\last@line=\box44
\mult@rightbox=\box45
\mult@grightbox=\box46
\mult@gfirstbox=\box47
\mult@firstbox=\box48
\@tempa=\box49
\@tempa=\box50
\@tempa=\box51
\@tempa=\box52
\@tempa=\box53
\@tempa=\box54
\@tempa=\box55
\@tempa=\box56
\@tempa=\box57
\@tempa=\box58
\@tempa=\box59
\@tempa=\box60
\@tempa=\box61
\@tempa=\box62
\@tempa=\box63
\@tempa=\box64
\@tempa=\box65
\c@columnbadness=\count97
\c@finalcolumnbadness=\count98
\last@try=\dimen132
\multicolovershoot=\dimen133
\multicolundershoot=\dimen134
\mult@nat@firstbox=\box66
\colbreak@box=\box67
\multicol@sort@counter=\count99
)
(c:/texlive/2013/texmf-dist/tex/latex/float/float.sty
Package: float 2001/11/08 v1.3d Float enhancements (AL)
\c@float@type=\count100
\float@exts=\toks16
\float@box=\box68
\@float@everytoks=\toks17
\@floatcapt=\box69
)
(c:/texlive/2013/texmf-dist/tex/latex/tools/array.sty
Package: array 2008/09/09 v2.4c Tabular extension package (FMi)
\col@sep=\dimen135
\extrarowheight=\dimen136
\NC@list=\toks18
\extratabsurround=\skip45
\backup@length=\skip46
) (./packages/overcite.sty

LaTeX Warning: You have requested package `packages/overcite',
               but the package provides `overcite'.

Package: overcite 1997/04/04  v 3.7
) (./packages/chemist.sty
Package `chemist' (ver2.00a) <November 3, 2000> [SF]
chemist.sty ver2.00a (for LaTeX2e) 2000/11/03[SF]
\c@compd=\count101
\c@deriv=\count102
\verbatimleftmargin=\dimen137
\verbatimbaselineskip=\dimen138
\hsgr@d=\dimen139
\vsgr@d=\dimen140
\vwgr@d=\dimen141
\hwgr@d=\dimen142
\vsepgr@d=\dimen143
\hsepgr@d=\dimen144
\nrep=\count103
\nrepmax=\count104
\@savetbaselineshift=\dimen145
\c@mv@chem=\count105
LaTeX Font Info:    Encoding `OML' has changed to `OT1' for symbol font
(Font)              `letters' in the math version `chem' on input line 651.
LaTeX Font Info:    Overwriting symbol font `letters' in version `chem'
(Font)                  OML/cmm/m/it --> OT1/cmr/m/n on input line 651.
\TestCount=\count106
LaTeX Info: Redefining \BibTeX on input line 809.
LaTeX Info: Redefining \PiCTeX on input line 866.
) (./packages/indent.sty)
\@totalpage=\count107
 (./SSR2.aux (./tex/0_introduction/introduction.aux)

LaTeX Warning: Label `tbl:command_for_sendjpmail' multiply defined.


LaTeX Warning: Label `tbl:command_for_sendjpmail' multiply defined.


LaTeX Warning: Label `tbl:command_for_sendjpmail' multiply defined.


LaTeX Warning: Label `tbl:command_for_sendjpmail' multiply defined.


LaTeX Warning: Label `tbl:signal_no' multiply defined.


LaTeX Warning: Label `tbl:BRE_a1' multiply defined.


LaTeX Warning: Label `tbl:BRE_a1' multiply defined.


LaTeX Warning: Label `tbl:BRE_a1' multiply defined.


LaTeX Warning: Label `tbl:BRE_a1' multiply defined.


LaTeX Warning: Label `tbl:signal_no' multiply defined.


LaTeX Warning: Label `allenvs:xargs' multiply defined.


LaTeX Warning: Label `fig:metropiper_hanzomon' multiply defined.

(./tex/e_afterword/afterword.aux))
\openout1 = `SSR2.aux'.

LaTeX Font Info:    Checking defaults for OML/cmm/m/it on input line 176.
LaTeX Font Info:    ... okay on input line 176.
LaTeX Font Info:    Checking defaults for T1/cmr/m/n on input line 176.
LaTeX Font Info:    ... okay on input line 176.
LaTeX Font Info:    Checking defaults for OT1/cmr/m/n on input line 176.
LaTeX Font Info:    ... okay on input line 176.
LaTeX Font Info:    Checking defaults for OMS/cmsy/m/n on input line 176.
LaTeX Font Info:    ... okay on input line 176.
LaTeX Font Info:    Checking defaults for OMX/cmex/m/n on input line 176.
LaTeX Font Info:    ... okay on input line 176.
LaTeX Font Info:    Checking defaults for U/cmr/m/n on input line 176.
LaTeX Font Info:    ... okay on input line 176.
LaTeX Font Info:    Checking defaults for JY1/mc/m/n on input line 176.
LaTeX Font Info:    ... okay on input line 176.
LaTeX Font Info:    Checking defaults for JT1/mc/m/n on input line 176.
LaTeX Font Info:    ... okay on input line 176.
\openout2 = `tex/0_introduction/introduction.aux'.

 (./tex/0_introduction/introduction.tex
LaTeX Font Info:    Font shape `JT1/mc/m/n' will be
(Font)              scaled to size 23.90964pt on input line 21.
LaTeX Font Info:    Font shape `JY1/mc/m/n' will be
(Font)              scaled to size 23.90964pt on input line 21.
LaTeX Font Info:    Font shape `JT1/mc/bx/n' in size <24.88> not available
(Font)              Font shape `JT1/gt/m/n' tried instead on input line 21.
LaTeX Font Info:    Font shape `JT1/gt/m/n' will be
(Font)              scaled to size 23.90964pt on input line 21.
LaTeX Font Info:    Font shape `JY1/mc/bx/n' in size <24.88> not available
(Font)              Font shape `JY1/gt/m/n' tried instead on input line 21.
LaTeX Font Info:    Font shape `JY1/gt/m/n' will be
(Font)              scaled to size 23.90964pt on input line 21.
LaTeX Font Info:    Font shape `JT1/mc/bx/n' in size <17.28> not available
(Font)              Font shape `JT1/gt/m/n' tried instead on input line 26.
LaTeX Font Info:    Font shape `JT1/gt/m/n' will be
(Font)              scaled to size 16.60605pt on input line 26.
LaTeX Font Info:    Font shape `JY1/mc/bx/n' in size <17.28> not available
(Font)              Font shape `JY1/gt/m/n' tried instead on input line 26.
LaTeX Font Info:    Font shape `JY1/gt/m/n' will be
(Font)              scaled to size 16.60605pt on input line 26.
LaTeX Font Info:    Font shape `JT1/mc/m/n' will be
(Font)              scaled to size 13.83836pt on input line 36.
LaTeX Font Info:    Font shape `JY1/mc/m/n' will be
(Font)              scaled to size 13.83836pt on input line 36.
File: tex/0_introduction/figs/MRL_logo_2007_outlined.eps Graphic file (type eps
)

<tex/0_introduction/figs/MRL_logo_2007_outlined.eps>
LaTeX Font Info:    Font shape `JT1/gt/m/n' will be
(Font)              scaled to size 9.60999pt on input line 51.
LaTeX Font Info:    Font shape `JY1/gt/m/n' will be
(Font)              scaled to size 9.60999pt on input line 51.
 [1



]
LaTeX Font Info:    Font shape `JT1/gt/m/n' will be
(Font)              scaled to size 13.83836pt on input line 55.
LaTeX Font Info:    Font shape `JY1/gt/m/n' will be
(Font)              scaled to size 13.83836pt on input line 55.
LaTeX Font Info:    Font shape `JT1/mc/m/n' will be
(Font)              scaled to size 11.53198pt on input line 59.
LaTeX Font Info:    Font shape `JY1/mc/m/n' will be
(Font)              scaled to size 11.53198pt on input line 59.
LaTeX Font Info:    Font shape `JT1/gt/m/n' will be
(Font)              scaled to size 11.53198pt on input line 59.
LaTeX Font Info:    Font shape `JY1/gt/m/n' will be
(Font)              scaled to size 11.53198pt on input line 59.
LaTeX Font Info:    Font shape `JT1/mc/bx/n' in size <10> not available
(Font)              Font shape `JT1/gt/m/n' tried instead on input line 76.
LaTeX Font Info:    Font shape `JT1/gt/m/n' will be
(Font)              scaled to size 9.60999pt on input line 76.
LaTeX Font Info:    Font shape `JY1/mc/bx/n' in size <10> not available
(Font)              Font shape `JY1/gt/m/n' tried instead on input line 76.
LaTeX Font Info:    Font shape `JY1/gt/m/n' will be
(Font)              scaled to size 9.60999pt on input line 76.
 [2


]
LaTeX Font Info:    External font `cmex10' loaded for size
(Font)              <7> on input line 95.
LaTeX Font Info:    External font `cmex10' loaded for size
(Font)              <5> on input line 95.
LaTeX Font Info:    Font shape `JY1/mc/m/n' will be
(Font)              scaled to size 6.72699pt on input line 95.
LaTeX Font Info:    Font shape `JY1/mc/m/n' will be
(Font)              scaled to size 4.805pt on input line 95.
 [3]
LaTeX Font Info:    Try loading font information for OMS+cmr on input line 108.


(c:/texlive/2013/texmf-dist/tex/latex/base/omscmr.fd
File: omscmr.fd 1999/05/25 v2.5h Standard LaTeX font definitions
)
LaTeX Font Info:    Font shape `OMS/cmr/m/n' in size <10> not available
(Font)              Font shape `OMS/cmsy/m/n' tried instead on input line 108.
 [4]
LaTeX Font Info:    Font shape `JT1/mc/m/n' will be
(Font)              scaled to size 6.72699pt on input line 126.
LaTeX Font Info:    External font `cmex10' loaded for size
(Font)              <8> on input line 126.
LaTeX Font Info:    External font `cmex10' loaded for size
(Font)              <6> on input line 126.
LaTeX Font Info:    Font shape `JY1/mc/m/n' will be
(Font)              scaled to size 5.76599pt on input line 126.
LaTeX Font Info:    Font shape `JT1/mc/m/n' will be
(Font)              scaled to size 5.76599pt on input line 126.
LaTeX Font Info:    Font shape `JT1/gt/m/n' will be
(Font)              scaled to size 7.68799pt on input line 126.
LaTeX Font Info:    Font shape `JY1/gt/m/n' will be
(Font)              scaled to size 7.68799pt on input line 126.
File: tex/0_introduction/figs/ShellShoccar1_web.eps Graphic file (type eps)

<tex/0_introduction/figs/ShellShoccar1_web.eps> [5]
File: tex/0_introduction/figs/metropiper_web.eps Graphic file (type eps)

<tex/0_introduction/figs/metropiper_web.eps> [6] [7] [8]
File: tex/0_introduction/figs/POSIX_web.eps Graphic file (type eps)

<tex/0_introduction/figs/POSIX_web.eps> [9] [10]
LaTeX Font Info:    Font shape `JT1/mc/m/n' will be
(Font)              scaled to size 8.64899pt on input line 283.
LaTeX Font Info:    Font shape `JY1/mc/m/n' will be
(Font)              scaled to size 8.64899pt on input line 283.
LaTeX Font Info:    Font shape `JT1/gt/m/n' will be
(Font)              scaled to size 8.64899pt on input line 283.
LaTeX Font Info:    Font shape `JY1/gt/m/n' will be
(Font)              scaled to size 8.64899pt on input line 283.
) [11] (./SSR2.toc [12


]
[13])
\tf@toc=\write3
\openout3 = `SSR2.toc'.

 [14]
第1章
LaTeX Font Info:    Font shape `JT1/mc/m/n' will be
(Font)              scaled to size 19.9311pt on input line 192.
LaTeX Font Info:    Font shape `JY1/mc/m/n' will be
(Font)              scaled to size 19.9311pt on input line 192.
LaTeX Font Info:    Font shape `JT1/gt/m/n' will be
(Font)              scaled to size 19.9311pt on input line 192.
LaTeX Font Info:    Font shape `JY1/gt/m/n' will be
(Font)              scaled to size 19.9311pt on input line 192.
(./tex/1_pretty_good_techs/without_no_history.tex
Overfull \hbox (0.91386pt too wide) in paragraph at lines 4--10
$     $   [] 
 []

LaTeX Font Info:    Font shape `JT1/mc/m/it' in size <10> not available
(Font)              Font shape `JT1/mc/m/n' tried instead on input line 26.
LaTeX Font Info:    Font shape `JT1/mc/m/n' will be
(Font)              scaled to size 9.60999pt on input line 26.
LaTeX Font Info:    Font shape `JY1/mc/m/it' in size <10> not available
(Font)              Font shape `JY1/mc/m/n' tried instead on input line 26.
LaTeX Font Info:    Font shape `JY1/mc/m/n' will be
(Font)              scaled to size 9.60999pt on input line 26.
) (./tex/1_pretty_good_techs/sed_LF.tex
Overfull \hbox (0.91386pt too wide) in paragraph at lines 5--16
$     $   [] 
 []

[1


] [2]) (./tex/1_pretty_good_techs/fsed.tex
Overfull \hbox (0.91386pt too wide) in paragraph at lines 4--11
$     $   [] 
 []

[3]
LaTeX Font Info:    Font shape `JT1/mc/bx/n' in size <8> not available
(Font)              Font shape `JT1/gt/m/n' tried instead on input line 66.
LaTeX Font Info:    Font shape `JT1/gt/m/n' will be
(Font)              scaled to size 7.68799pt on input line 66.
LaTeX Font Info:    Font shape `JY1/mc/bx/n' in size <8> not available
(Font)              Font shape `JY1/gt/m/n' tried instead on input line 66.
LaTeX Font Info:    Font shape `JY1/gt/m/n' will be
(Font)              scaled to size 7.68799pt on input line 66.


LaTeX Warning: Reference `第cap:allenvs' on page 4 undefined on input line 66.

) (./tex/1_pretty_good_techs/mkfifo.tex
Overfull \hbox (0.91386pt too wide) in paragraph at lines 5--10
$     $   [] 
 []

[4] [5] [6]) (./tex/1_pretty_good_techs/fileoverwriting.tex
Overfull \hbox (0.91386pt too wide) in paragraph at lines 5--12
$     $   [] 
 []

[7]
Underfull \hbox (badness 10000) in paragraph at lines 42--85
[][]
 []

[8]
Underfull \hbox (badness 10000) in paragraph at lines 90--121
[][]
 []

[9] [10]) (./tex/1_pretty_good_techs/ctail1.tex
Overfull \hbox (0.91386pt too wide) in paragraph at lines 4--10
$     $   [] 
 []

[11]) (./tex/1_pretty_good_techs/nonLFterminated.tex
Overfull \hbox (0.91386pt too wide) in paragraph at lines 5--22
$     $   [] 
 []

[12] [13]) (./tex/1_pretty_good_techs/ifconfig.tex
Overfull \hbox (0.91386pt too wide) in paragraph at lines 5--11
$     $   [] 
 []

[14] [15]) (./tex/1_pretty_good_techs/YYYYMMDDhhmmss.tex
Overfull \hbox (0.91386pt too wide) in paragraph at lines 4--11
$     $   [] 
 []

[16]) (./tex/1_pretty_good_techs/holidays.tex
Overfull \hbox (0.91386pt too wide) in paragraph at lines 4--9
$     $   [] 
 []

[17] [18] [19]) (./tex/1_pretty_good_techs/blacklist.tex
Overfull \hbox (0.91386pt too wide) in paragraph at lines 5--16
$     $   [] 
 []

[20] [21] [22] [23]) [24]
第2章
(./tex/2_traps/false.tex
Overfull \hbox (0.91386pt too wide) in paragraph at lines 4--9
$     $   [] 
 []

[25

]) (./tex/2_traps/mkfifo_redirection.tex
Overfull \hbox (0.91386pt too wide) in paragraph at lines 4--14
$     $   [] 
 []

[26] [27]) (./tex/2_traps/zen_characters.tex
Overfull \hbox (0.91386pt too wide) in paragraph at lines 5--11
$     $   [] 
 []

[28]) (./tex/2_traps/sort.tex
Overfull \hbox (0.91386pt too wide) in paragraph at lines 5--10
$     $   [] 
 []

[29] [30] [31] [32] [33] [34] [35] [36]) (./tex/2_traps/sed.tex
Overfull \hbox (0.91386pt too wide) in paragraph at lines 5--13
$     $   [] 
 []

[37] [38]) (./tex/2_traps/awk_environ.tex
Overfull \hbox (0.91386pt too wide) in paragraph at lines 4--17
$     $   [] 
 []

[39]) (./tex/2_traps/AWK_array.tex
Overfull \hbox (0.91386pt too wide) in paragraph at lines 4--26
$     $   [] 
 []

[40] [41]) (./tex/2_traps/while_read.tex
Overfull \hbox (0.91386pt too wide) in paragraph at lines 5--14
$     $   [] 
 []

[42]) (./tex/2_traps/many_traps.tex
Overfull \hbox (0.91386pt too wide) in paragraph at lines 4--34
$     $   [] 
 []

[43] [44] [45]) [46]
第3章
(./tex/3_POSIX_techs/Sayonara_PIPESTATUS.tex
Overfull \hbox (0.91386pt too wide) in paragraph at lines 5--12
$     $   [] 
 []

[47

] [48] [49] [50]) (./tex/3_POSIX_techs/Apache_combined_log.tex
Overfull \hbox (0.91386pt too wide) in paragraph at lines 4--13
$     $   [] 
 []

[51]
Underfull \hbox (badness 10000) in paragraph at lines 94--107
[][]
 []

[52]) (./tex/3_POSIX_techs/utconv.tex
Overfull \hbox (0.91386pt too wide) in paragraph at lines 5--12
$     $   [] 
 []

[53] [54] [55]) (./tex/3_POSIX_techs/timestamp.tex
Overfull \hbox (0.91386pt too wide) in paragraph at lines 5--17
$     $   [] 
 []

[56] [57]) (./tex/3_POSIX_techs/CSV_parser.tex
Overfull \hbox (0.91386pt too wide) in paragraph at lines 5--14
$     $   [] 
 []

[58] [59] [60]) (./tex/3_POSIX_techs/JSON_parser.tex
Overfull \hbox (0.91386pt too wide) in paragraph at lines 5--12
$     $   [] 
 []

[61] [62] [63]) (./tex/3_POSIX_techs/XML_parser.tex
Overfull \hbox (0.91386pt too wide) in paragraph at lines 5--11
$     $   [] 
 []

[64] [65]) (./tex/3_POSIX_techs/han_zen.tex
Overfull \hbox (0.91386pt too wide) in paragraph at lines 5--11
$     $   [] 
 []

[66] [67]) (./tex/3_POSIX_techs/hira_kata.tex
Overfull \hbox (0.91386pt too wide) in paragraph at lines 5--12
$     $   [] 
 []

[68] [69]) (./tex/3_POSIX_techs/binary.tex
Overfull \hbox (0.91386pt too wide) in paragraph at lines 6--12
$     $   [] 
 []

[70] [71] [72] [73]) (./tex/3_POSIX_techs/lock.tex
Overfull \hbox (0.91386pt too wide) in paragraph at lines 5--16
$     $   [] 
 []

[74]
Overfull \hbox (4.36272pt too wide) in paragraph at lines 29--30
[]|\OT1/cmtt/m/n/10 https://github.com/ShellShoccar-jpn/misc-tools/blob/master/
pexlock|  
 []


Overfull \hbox (4.36272pt too wide) in paragraph at lines 31--32
[]|\OT1/cmtt/m/n/10 https://github.com/ShellShoccar-jpn/misc-tools/blob/master/
pshlock|  
 []


Overfull \hbox (4.36272pt too wide) in paragraph at lines 35--36
[]|\OT1/cmtt/m/n/10 https://github.com/ShellShoccar-jpn/misc-tools/blob/master/
punlock|  
 []


Overfull \hbox (4.36272pt too wide) in paragraph at lines 37--38
[]|\OT1/cmtt/m/n/10 https://github.com/ShellShoccar-jpn/misc-tools/blob/master/
pcllock|  
 []


Overfull \hbox (6.50627pt too wide) in paragraph at lines 24--41
 [] 
 []


Underfull \hbox (badness 10000) in paragraph at lines 48--72
[][]
 []


Underfull \hbox (badness 10000) in paragraph at lines 74--98
[][]
 []

[75] [76] [77]
Underfull \hbox (badness 10000) in paragraph at lines 186--205
[][]
 []

[78]
LaTeX Font Info:    Font shape `JT1/gt/m/it' in size <10> not available
(Font)              Font shape `JT1/gt/m/n' tried instead on input line 212.
LaTeX Font Info:    Font shape `JT1/gt/m/n' will be
(Font)              scaled to size 9.60999pt on input line 212.
LaTeX Font Info:    Font shape `JY1/gt/m/it' in size <10> not available
(Font)              Font shape `JY1/gt/m/n' tried instead on input line 212.
LaTeX Font Info:    Font shape `JY1/gt/m/n' will be
(Font)              scaled to size 9.60999pt on input line 212.


LaTeX Font Warning: Font shape `OT1/cmss/m/it' in size <10> not available
(Font)              Font shape `OT1/cmss/m/sl' tried instead on input line 212.


[79] [80] [81]) (./tex/3_POSIX_techs/debug.tex
Overfull \hbox (0.91386pt too wide) in paragraph at lines 5--12
$     $   [] 
 []

[82]
Underfull \hbox (badness 10000) in paragraph at lines 43--62
[][]
 []

[83]
Underfull \hbox (badness 10000) in paragraph at lines 69--88
[][]
 []


Underfull \hbox (badness 10000) in paragraph at lines 93--113
[][]
 []

[84]
Underfull \hbox (badness 10000) in paragraph at lines 126--144
[][]
 []


Underfull \hbox (badness 10000) in paragraph at lines 144--172
[][]
 []

[85] [86] [87])
Underfull \hbox (badness 10000) in paragraph at lines 254--248
[][]
 []

[88]
第4章
(./tex/4_web/URL_decode.tex
Overfull \hbox (0.91386pt too wide) in paragraph at lines 5--10
$     $   [] 
 []

[89

] [90]) (./tex/4_web/URL_encode.tex
Overfull \hbox (0.91386pt too wide) in paragraph at lines 5--11
$     $   [] 
 []

[91]
Underfull \hbox (badness 10000) in paragraph at lines 61--70
[][]
 []

) (./tex/4_web/Base64.tex
Overfull \hbox (0.91386pt too wide) in paragraph at lines 5--11
$     $   [] 
 []

[92]) (./tex/4_web/GETmethod.tex
Overfull \hbox (0.91386pt too wide) in paragraph at lines 5--11
$     $   [] 
 []

[93]
Underfull \hbox (badness 1577) in paragraph at lines 31--32
[]\OT1/cmr/m/n/10 GET \JY1/mc/m/n/10 メソ ッド （ 環境変数 \OT1/cmr/m/n/10 ``RE
-QUEST[]METHOD'' \JY1/mc/m/n/10 が \OT1/cmr/m/n/10 ``GET''\JY1/mc/m/n/10 ） の
場合 、 \OT1/cmr/m/n/10 CGI \JY1/mc/m/n/10 変数は環境変数
 []

[94]) (./tex/4_web/POSTmethod.tex
Overfull \hbox (0.91386pt too wide) in paragraph at lines 5--11
$     $   [] 
 []

[95] [96]) (./tex/4_web/file_upload.tex
Overfull \hbox (0.91386pt too wide) in paragraph at lines 5--10
$     $   [] 
 []

[97] [98]) (./tex/4_web/Ajax_without_libraries.tex
Overfull \hbox (0.91386pt too wide) in paragraph at lines 5--12
$     $   [] 
 []

[99]
Underfull \hbox (badness 10000) in paragraph at lines 70--116
[][]
 []

[100]
File: tex/4_web/figs/Ajax_demo.eps Graphic file (type eps)
 <tex/4_web/figs/Ajax_demo.eps> [101] [102]) (./tex/4_web/sendjpmail.tex
Overfull \hbox (0.91386pt too wide) in paragraph at lines 5--12
$     $   [] 
 []


Underfull \hbox (badness 2961) in paragraph at lines 45--45
 [][]\JY1/mc/m/n/8 どうしても意味を知 っておきたいという人は 、 \OT1/cmr/m/n/8 
send-mail \JY1/mc/m/n/8 コマンドの \OT1/cmr/m/n/8 man \JY1/mc/m/n/8 を参照のこ
と 。 \OT1/cmr/m/n/8 URL \JY1/mc/m/n/8 は例えば
 []


Underfull \hbox (badness 10000) in paragraph at lines 45--45
 \OT1/cmtt/m/n/8 http://www.jp.freebsd.org/cgi/mroff.cgi?subdir=man&lc=1&cmd=&m
an=sendmail&dir=jpman-10.1.2%2Fman&sect=0
 []

[103]
Overfull \hbox (10.3311pt too wide) in paragraph at lines 61--62
[]\OT1/cmr/m/it/10 RECIEVER@example.com \JY1/mc/m/n/10 にはあなた本物のメ ール
アドレスを書くように 。 それから \OT1/cmr/m/it/10 SENDER@example.com
 []

[104] [105] [106]) (./tex/4_web/mailmagazine.tex
Overfull \hbox (0.91386pt too wide) in paragraph at lines 6--23
$     $   [] 
 []

[107] [108] [109]) (./tex/4_web/mojihame.tex
Overfull \hbox (0.91386pt too wide) in paragraph at lines 5--13
$     $   [] 
 []

[110] [111]
Underfull \hbox (badness 10000) in paragraph at lines 51--63
[][]
 []

[112]
File: tex/4_web/figs/metropiper_hanzomon.eps Graphic file (type eps)
 <tex/4_web/figs/metropiper_hanzomon.eps> [113]
Underfull \hbox (badness 10000) in paragraph at lines 127--142
[][]
 []

[114]
Underfull \hbox (badness 10000) in paragraph at lines 166--173
[][]
 []

[115] [116]) (./tex/4_web/read_cookie.tex
Overfull \hbox (0.91386pt too wide) in paragraph at lines 5--10
$     $   [] 
 []

[117]) (./tex/4_web/make_cookie.tex
Overfull \hbox (0.91386pt too wide) in paragraph at lines 5--11
$     $   [] 
 []

[118] [119]) (./tex/4_web/HTTP_session.tex [120]
Overfull \hbox (0.91386pt too wide) in paragraph at lines 5--11
$     $   [] 
 []

[121] [122]
File: tex/4_web/figs/session_manager_demo.eps Graphic file (type eps)
 <tex/4_web/figs/session_manager_demo.eps> [123]
Underfull \hbox (badness 10000) in paragraph at lines 144--154
[][]
 []

[124]) [125]
第5章
(./tex/5_allenvs/allenvs.tex [126

]
Underfull \hbox (badness 10000) in paragraph at lines 30--41
[]
 []

[127] [128] [129] [130] [131] [132] [133] [134] [135] [136] [137]
LaTeX Font Info:    External font `cmex10' loaded for size
(Font)              <12> on input line 564.
 [138]
Overfull \hbox (1.04028pt too wide) in paragraph at lines 574--605
 [] 
 []

[139] [140] [141] [142] [143] [144] [145]
Overfull \hbox (0.91386pt too wide) in paragraph at lines 922--928
$     $   []
 []

[146] [147] [148] [149] [150] [151] [152] [153] [154] [155] [156] [157]
[158] [159]) [160]
第6章
(./tex/6_cookingexample/zip2addr.tex
Overfull \hbox (0.91386pt too wide) in paragraph at lines 4--10
$     $   [] 
 []

[161

] [162] [163] [164] [165] [166] [167] [168] [169]
File: tex/6_cookingexample/figs/zip2addr_screenshot.eps Graphic file (type eps)


<tex/6_cookingexample/figs/zip2addr_screenshot.eps> [170]) [171]
\openout2 = `tex/e_afterword/afterword.aux'.


(./tex/e_afterword/afterword.tex
File: tex/e_afterword/figs/yurikamome.eps Graphic file (type eps)
 <tex/e_afterword/figs/yurikamome.eps> [172



]
[173

]
LaTeX Font Info:    Font shape `JT1/mc/bx/n' in size <14.4> not available
(Font)              Font shape `JT1/gt/m/n' tried instead on input line 70.
LaTeX Font Info:    Font shape `JT1/gt/m/n' will be
(Font)              scaled to size 13.83836pt on input line 70.
LaTeX Font Info:    Font shape `JY1/mc/bx/n' in size <14.4> not available
(Font)              Font shape `JY1/gt/m/n' tried instead on input line 70.
LaTeX Font Info:    Font shape `JY1/gt/m/n' will be
(Font)              scaled to size 13.83836pt on input line 70.
) [174

] (./SSR2.aux (./tex/0_introduction/introduction.aux)
(./tex/e_afterword/afterword.aux))

LaTeX Warning: There were undefined references.


LaTeX Warning: There were multiply-defined labels.

 ) 
Here is how much of TeX's memory you used:
 1770 strings out of 494004
 23201 string characters out of 6157311
 112395 words of memory out of 5000000
 5034 multiletter control sequences out of 15000+600000
 21285 words of font info for 96 fonts, out of 8000000 for 9000
 750 hyphenation exceptions out of 8191
 31i,16n,24p,967b,468s stack positions out of 5000i,500n,10000p,200000b,80000s

Output written on SSR2.dvi (188 pages, 877808 bytes).
